2020-01-06 10:27:02.295 [root]-[info ] ------------------------------------------------------
2020-01-06 10:27:02.295 [root]-[info ] LuaEngine 1, 32, 12, 200106 started.
2020-01-06 10:27:02.295 [root]-[info ] Compiled at 09:33:46, Jan  6 2020
2020-01-06 10:27:02.295 [root]-[info ] Windows version: 6.1.7601
2020-01-06 10:27:02.295 [root]-[debug] Initialize LuaEngine successfully.
2020-01-06 10:27:02.295 [lua]-[debug] ********************* ydwe initialize start *********************
2020-01-06 10:27:02.295 [lua]-[trace] Initializing 'utiliy'
2020-01-06 10:27:02.295 [lua]-[trace] Initializing 'filesystem'
2020-01-06 10:27:02.295 [lua]-[trace] Initializing 'process'
2020-01-06 10:27:02.295 [lua]-[trace] Initializing 'ffi.unicode'
2020-01-06 10:27:02.295 [lua]-[trace] Initializing 'ffi'
2020-01-06 10:27:02.311 [lua]-[debug] ydwe path D:\Git\11Platform_YDWE
2020-01-06 10:27:02.311 [lua]-[trace] Initializing 'localization'
2020-01-06 10:27:02.311 [lua]-[trace] Initializing 'i18n'
2020-01-06 10:27:02.311 [lua]-[info ] [i18n]current language	zh-CN
2020-01-06 10:27:02.311 [lua]-[trace] Initializing 'event'
2020-01-06 10:27:02.311 [lua]-[trace] Initializing 'virtual_mpq'
2020-01-06 10:27:02.311 [lua]-[trace] Initializing 'version'
2020-01-06 10:27:02.311 [lua]-[trace] Initializing 'file_version'
2020-01-06 10:27:02.311 [lua]-[trace] Initializing 'config'
2020-01-06 10:27:02.311 [lua]-[debug] war3 path D:\war3\
2020-01-06 10:27:02.311 [lua]-[trace] Initializing 'plugin'
2020-01-06 10:27:02.311 [lua]-[trace] Initializing 'ffi.loadlibrary'
2020-01-06 10:27:02.311 [lua]-[trace] Initializing 'ffi.gui'
2020-01-06 10:27:02.311 [event]-[info ] RegisterEvent: EVENT_WINDOW_MESSAGE
2020-01-06 10:27:02.311 [lua]-[trace] Initializing 'ydwe_on_menu'
2020-01-06 10:27:02.311 [event]-[info ] RegisterEvent: EVENT_INIT_MENU
2020-01-06 10:27:02.311 [lua]-[trace] Initializing 'ydwe_on_save'
2020-01-06 10:27:02.311 [lua]-[trace] Initializing 'compiler'
2020-01-06 10:27:02.311 [lua]-[trace] Initializing 'compiler.inject_code'
2020-01-06 10:27:02.311 [lua]-[trace] Initializing 'compiler.wave'
2020-01-06 10:27:02.311 [lua]-[trace] Initializing 'compiler.template'
2020-01-06 10:27:02.311 [lua]-[trace] Initializing 'compiler.cjass'
2020-01-06 10:27:02.311 [lua]-[trace] Initializing 'compiler.jasshelper'
2020-01-06 10:27:02.311 [lua]-[trace] Initializing 'ffi.stormlib'
2020-01-06 10:27:02.311 [lua]-[trace] Initializing 'ev'
2020-01-06 10:27:02.311 [lua]-[trace] Initializing 'w3x2lni.map_packer'
2020-01-06 10:27:02.311 [event]-[info ] RegisterEvent: EVENT_NEW_SAVE_MAP
2020-01-06 10:27:02.311 [lua]-[trace] Initializing 'ydwe_on_test'
2020-01-06 10:27:02.311 [lua]-[trace] Initializing 'compiler.w3x2lni.init'
2020-01-06 10:27:02.311 [lua]-[trace] Initializing 'w3xparser'
2020-01-06 10:27:02.326 [lua]-[trace] Initializing 'lni'
2020-01-06 10:27:02.326 [lua]-[trace] Initializing 'lpeg'
2020-01-06 10:27:02.326 [lua]-[trace] Initializing 'lml'
2020-01-06 10:27:02.326 [lua]-[trace] Initializing 'compiler.w3x2lni.data_load'
2020-01-06 10:27:02.326 [lua]-[trace] Initializing 'mapdump'
2020-01-06 10:27:02.326 [event]-[info ] RegisterEvent: EVENT_TEST_MAP
2020-01-06 10:27:02.326 [lua]-[trace] Initializing 'ydwe_on_startup'
2020-01-06 10:27:02.326 [lua]-[trace] Initializing 'w3x2lni.check_object'
2020-01-06 10:27:02.326 [lua]-[trace] Initializing 'virtual_storm'
2020-01-06 10:27:02.326 [lua]-[trace] Initializing 'ffi.storm'
2020-01-06 10:27:02.326 [lua]-[trace] Initializing 'w3x2lni.open_map'
2020-01-06 10:27:02.326 [lua]-[trace] Initializing 'w3x2lni.lniloader'
2020-01-06 10:27:02.326 [lua]-[trace] Initializing 'w3x2lni.wtgloader'
2020-01-06 10:27:02.326 [lua]-[trace] Initializing 'w3x2lni.wtg_checker'
2020-01-06 10:27:02.326 [lua]-[trace] Initializing 'w3x2lni.wtg_reader'
2020-01-06 10:27:02.326 [lua]-[trace] Initializing 'triggerdata'
2020-01-06 10:27:02.326 [lua]-[trace] Initializing 'ui-builder.init'
2020-01-06 10:27:02.326 [lua]-[trace] Initializing 'ui-builder.old-reader'
2020-01-06 10:27:02.326 [lua]-[trace] Initializing 'ui-builder.new-reader'
2020-01-06 10:27:02.326 [lua]-[trace] Initializing 'ui-builder.old-writer'
2020-01-06 10:27:02.326 [lua]-[trace] Initializing 'ui-builder.new-writer'
2020-01-06 10:27:02.342 [lua]-[trace] Initializing 'ui-builder.merge'
2020-01-06 10:27:02.342 [lua]-[trace] Initializing 'uiloader'
2020-01-06 10:27:02.342 [lua]-[trace] Initializing 'stringify_slk'
2020-01-06 10:27:02.342 [lua]-[trace] Initializing 'mpqloader'
2020-01-06 10:27:02.342 [event]-[info ] RegisterEvent: EVENT_WE_START
2020-01-06 10:27:02.342 [event]-[info ] RegisterEvent: EVENT_WE_EXIT
2020-01-06 10:27:02.342 [event]-[info ] RegisterEvent: EVENT_MSS_LOAD
2020-01-06 10:27:02.342 [lua]-[trace] Initializing 'ydwe_on_dialog_message'
2020-01-06 10:27:02.342 [lua]-[trace] Initializing 'WEString'
2020-01-06 10:27:02.342 [event]-[info ] RegisterEvent: EVENT_DIALOG_MESSAGE
2020-01-06 10:27:02.342 [lua]-[trace] Initializing 'ydwe_on_new_object_id'
2020-01-06 10:27:02.342 [event]-[info ] RegisterEvent: EVENT_NEW_OBJECT_ID
2020-01-06 10:27:02.342 [lua]-[debug] ********************* ydwe initialize end *********************
2020-01-06 10:27:02.342 [event]-[info ] Entering main program.
2020-01-06 10:27:02.342 [lua]-[debug] ********************* on startup start *********************
2020-01-06 10:27:02.357 [lua]-[debug] ydwe version 1.32.12.200106
2020-01-06 10:27:02.357 [lua]-[debug] war3 version 1.26.0.6401
2020-01-06 10:27:02.357 [lua]-[trace] Initializing 'gitlog'
2020-01-06 10:27:02.357 [lua]-[debug] commit: cea60fa791e31e0e8551a1c4f61c415646fe20b2
2020-01-06 10:27:02.357 [lua]-[debug] data: Mon Jan 6 09:31:01 2020 +0800
2020-01-06 10:27:02.357 [lua]-[debug] war3 path D:\war3\
2020-01-06 10:27:02.357 [lua]-[trace] check_conflicting_ui
2020-01-06 10:27:02.357 [lua]-[trace] check_conflicting_units
2020-01-06 10:27:02.357 [lua]-[trace] clear_potential_conflicting
2020-01-06 10:27:02.357 [lua]-[trace] check_war3_version
2020-01-06 10:27:02.357 [lua]-[trace] Load plugin config D:\Git\11Platform_YDWE\plugin\tesh\Tesh.plcfg
2020-01-06 10:27:02.373 [lua]-[debug] Tesh loaded successfully.
2020-01-06 10:27:02.373 [lua]-[trace] Load plugin config D:\Git\11Platform_YDWE\plugin\YDClient.plcfg
2020-01-06 10:27:02.373 [lua]-[debug] YDClient loaded successfully.
2020-01-06 10:27:02.373 [lua]-[trace] Load plugin config D:\Git\11Platform_YDWE\plugin\YDColorizer\YDColorizer.plcfg
2020-01-06 10:27:02.373 [lua]-[warn ] failed: disable
2020-01-06 10:27:02.373 [lua]-[trace] Load plugin config D:\Git\11Platform_YDWE\plugin\YDTaskbarSupport.plcfg
2020-01-06 10:27:02.389 [lua]-[debug] YDTaskbarSupport loaded successfully.
2020-01-06 10:27:02.389 [lua]-[trace] Load plugin config D:\Git\11Platform_YDWE\plugin\YDTrigger.plcfg
2020-01-06 10:27:02.389 [lua]-[debug] YDTrigger loaded successfully.
2020-01-06 10:27:02.389 [lua]-[trace] Load plugin config D:\Git\11Platform_YDWE\plugin\YDWeHelper.plcfg
2020-01-06 10:27:02.389 [inject]-[debug] Start installing inline hooks.
2020-01-06 10:27:02.389 [inject]-[trace] Found WeGetSystemParameter at 0x004D1DB0.
2020-01-06 10:27:02.389 [inject]-[trace] WeGetSystemParameter hook installation succeeded.
2020-01-06 10:27:02.389 [inject]-[trace] Found WeVerifyMapCellsLimit at 0x004E1EF0.
2020-01-06 10:27:02.389 [inject]-[trace] Found GetUnkownFlag at 0x004D0AC0.
2020-01-06 10:27:02.389 [inject]-[trace] WeVerifyMapCellsLimit hook installation succeeded.
2020-01-06 10:27:02.389 [inject]-[trace] Found WeTriggerNameCheck at 0x005A4B40.
2020-01-06 10:27:02.389 [inject]-[trace] WeTriggerNameCheck hook installation succeeded.
2020-01-06 10:27:02.389 [inject]-[trace] Found WeTriggerNameInputCharCheck at 0x0042E390.
2020-01-06 10:27:02.389 [inject]-[trace] WeTriggerNameInputCharCheck hook installation succeeded.
2020-01-06 10:27:02.389 [inject]-[trace] Found WeSetWindowCaption at 0x00433A00.
2020-01-06 10:27:02.389 [inject]-[trace] WeSetWindowCaption hook installation succeeded.
2020-01-06 10:27:02.389 [inject]-[trace] Found WeSetMenuItem at 0x0042AA10.
2020-01-06 10:27:02.389 [inject]-[trace] WeSetMenuItem hook installation succeeded.
2020-01-06 10:27:02.389 [inject]-[trace] Found WeStringCompare at 0x004D2D90.
2020-01-06 10:27:02.389 [inject]-[trace] WeStringCompare hook installation succeeded.
2020-01-06 10:27:02.389 [inject]-[trace] Found TriggerEditorEditboxCopy at 0x0071FE90.
2020-01-06 10:27:02.389 [inject]-[trace] WeTriggerEditorEditboxCopy hook installation succeeded.
2020-01-06 10:27:02.389 [inject]-[trace] Found WeUtf8ToAnsi at 0x00429CD0.
2020-01-06 10:27:02.389 [inject]-[trace] WeUtf8ToAnsi hook installation succeeded.
2020-01-06 10:27:02.389 [inject]-[debug] Installing inline hooks complete.
2020-01-06 10:27:02.389 [inject]-[debug] IAT hook initialization started.
2020-01-06 10:27:02.389 [inject]-[trace] WE SHBrowseForFolderA IAT hook succeeded.
2020-01-06 10:27:02.389 [inject]-[trace] WE GetSaveFileNameA IAT hook succeeded.
2020-01-06 10:27:02.389 [inject]-[trace] WE GetOpenFileNameA IAT hook succeeded.
2020-01-06 10:27:02.389 [inject]-[debug] IAT hook initialization completed.
2020-01-06 10:27:02.389 [inject]-[debug] Patches initialization started.
2020-01-06 10:27:02.389 [inject]-[trace] Installing syntax check patch
2020-01-06 10:27:02.389 [inject]-[trace] Patch syntaxCheck in 0x005BC089 success.
2020-01-06 10:27:02.389 [inject]-[trace] Installing auto disable patch
2020-01-06 10:27:02.389 [inject]-[trace] Patch autoDisable in 0x005CEFF3 success.
2020-01-06 10:27:02.389 [inject]-[trace] Installing enable trigger check patch
2020-01-06 10:27:02.389 [inject]-[trace] Patch enableTriggerCheck1 in 0x005C88F5 success.
2020-01-06 10:27:02.389 [inject]-[trace] Patch enableTriggerCheck2 in 0x005C88DA success.
2020-01-06 10:27:02.389 [inject]-[trace] Installing doodad limit patch
2020-01-06 10:27:02.389 [inject]-[trace] Patch doodadLimit in 0x0054CAD8 success.
2020-01-06 10:27:02.389 [inject]-[trace] Installing unit/item limit patch
2020-01-06 10:27:02.389 [inject]-[trace] Patch unitItemLimit in 0x00554B7B success.
2020-01-06 10:27:02.389 [inject]-[trace] Installing editor multi-instance patch
2020-01-06 10:27:02.389 [inject]-[trace] Patch editorInstanceCheck in 0x00435870 success.
2020-01-06 10:27:02.389 [inject]-[trace] Installing attack table patch
2020-01-06 10:27:02.389 [inject]-[debug] Patches initialization completed.
2020-01-06 10:27:02.389 [inject]-[info ] YDWE startup complete.
2020-01-06 10:27:02.389 [lua]-[debug] YDWeHelper loaded successfully.
2020-01-06 10:27:02.389 [lua]-[trace] Initializing 'ui'
2020-01-06 10:27:02.389 [lua]-[trace] Initializing 'registry'
2020-01-06 10:27:02.389 [lua]-[debug] ********************* on startup end *********************
2020-01-06 10:27:02.779 [lua]-[trace] virtual_mpq 'worldeditdata'
2020-01-06 10:27:02.795 [lua]-[trace] virtual_mpq 'worldeditstrings'
2020-01-06 10:27:02.810 [lua]-[trace] virtual_mpq 'triggerdata'
2020-01-06 10:27:02.810 [lua]-[trace] Loading ui from D:\Git\11Platform_YDWE\ui\japi
2020-01-06 10:27:02.810 [lua]-[error] ...it\11Platform_YDWE\script\ydwe\ui-builder\new-reader.lua:71: 
action.txt:426: unfinished string near <eof>
2020-01-06 10:27:02.826 [lua]-[trace] virtual_mpq 'triggerstrings'
2020-01-06 10:27:02.920 [lua]-[debug] Loading provider D:\war3\redist\miles\Mp3dec.asi
2020-01-06 10:27:02.920 [lua]-[debug] Loading provider D:\war3\redist\miles\Mssdolby.m3d
2020-01-06 10:27:02.920 [lua]-[debug] Loading provider D:\war3\redist\miles\Msseax2.m3d
2020-01-06 10:27:02.920 [lua]-[debug] Loading provider D:\war3\redist\miles\Mssfast.m3d
2020-01-06 10:27:02.920 [lua]-[debug] Loading provider D:\war3\redist\miles\Reverb3.flt
2020-01-06 10:27:03.938 [lua]-[debug] ********************* on menuinit start *********************
2020-01-06 10:27:03.938 [lua]-[debug] ********************* on menuinit end *********************
2020-01-06 10:28:23.139 [lua]-[info ] Open map	D:\YDWE\Maps\JFTestMapTrigger\src.w3x
2020-01-06 10:28:23.139 [lua]-[trace] Loading ui from D:\Git\11Platform_YDWE\ui\japi
2020-01-06 10:28:23.139 [lua]-[error] ...it\11Platform_YDWE\script\ydwe\ui-builder\new-reader.lua:71: 
action.txt:426: unfinished string near <eof>
2020-01-06 10:28:54.568 [root]-[info ] ------------------------------------------------------
2020-01-06 10:28:54.568 [root]-[info ] LuaEngine 1, 32, 12, 200106 started.
2020-01-06 10:28:54.568 [root]-[info ] Compiled at 09:33:46, Jan  6 2020
2020-01-06 10:28:54.568 [root]-[info ] Windows version: 6.1.7601
2020-01-06 10:28:54.568 [root]-[debug] Initialize LuaEngine successfully.
2020-01-06 10:28:54.568 [lua]-[debug] ********************* ydwe initialize start *********************
2020-01-06 10:28:54.568 [lua]-[trace] Initializing 'utiliy'
2020-01-06 10:28:54.568 [lua]-[trace] Initializing 'filesystem'
2020-01-06 10:28:54.568 [lua]-[trace] Initializing 'process'
2020-01-06 10:28:54.568 [lua]-[trace] Initializing 'ffi.unicode'
2020-01-06 10:28:54.568 [lua]-[trace] Initializing 'ffi'
2020-01-06 10:28:54.568 [lua]-[debug] ydwe path D:\Git\11Platform_YDWE
2020-01-06 10:28:54.568 [lua]-[trace] Initializing 'localization'
2020-01-06 10:28:54.568 [lua]-[trace] Initializing 'i18n'
2020-01-06 10:28:54.568 [lua]-[info ] [i18n]current language	zh-CN
2020-01-06 10:28:54.568 [lua]-[trace] Initializing 'event'
2020-01-06 10:28:54.568 [lua]-[trace] Initializing 'virtual_mpq'
2020-01-06 10:28:54.568 [lua]-[trace] Initializing 'version'
2020-01-06 10:28:54.568 [lua]-[trace] Initializing 'file_version'
2020-01-06 10:28:54.568 [lua]-[trace] Initializing 'config'
2020-01-06 10:28:54.568 [lua]-[debug] war3 path D:\war3\
2020-01-06 10:28:54.568 [lua]-[trace] Initializing 'plugin'
2020-01-06 10:28:54.568 [lua]-[trace] Initializing 'ffi.loadlibrary'
2020-01-06 10:28:54.568 [lua]-[trace] Initializing 'ffi.gui'
2020-01-06 10:28:54.568 [event]-[info ] RegisterEvent: EVENT_WINDOW_MESSAGE
2020-01-06 10:28:54.568 [lua]-[trace] Initializing 'ydwe_on_menu'
2020-01-06 10:28:54.568 [event]-[info ] RegisterEvent: EVENT_INIT_MENU
2020-01-06 10:28:54.568 [lua]-[trace] Initializing 'ydwe_on_save'
2020-01-06 10:28:54.568 [lua]-[trace] Initializing 'compiler'
2020-01-06 10:28:54.568 [lua]-[trace] Initializing 'compiler.inject_code'
2020-01-06 10:28:54.568 [lua]-[trace] Initializing 'compiler.wave'
2020-01-06 10:28:54.568 [lua]-[trace] Initializing 'compiler.template'
2020-01-06 10:28:54.568 [lua]-[trace] Initializing 'compiler.cjass'
2020-01-06 10:28:54.568 [lua]-[trace] Initializing 'compiler.jasshelper'
2020-01-06 10:28:54.568 [lua]-[trace] Initializing 'ffi.stormlib'
2020-01-06 10:28:54.568 [lua]-[trace] Initializing 'ev'
2020-01-06 10:28:54.568 [lua]-[trace] Initializing 'w3x2lni.map_packer'
2020-01-06 10:28:54.568 [event]-[info ] RegisterEvent: EVENT_NEW_SAVE_MAP
2020-01-06 10:28:54.568 [lua]-[trace] Initializing 'ydwe_on_test'
2020-01-06 10:28:54.568 [lua]-[trace] Initializing 'compiler.w3x2lni.init'
2020-01-06 10:28:54.568 [lua]-[trace] Initializing 'w3xparser'
2020-01-06 10:28:54.568 [lua]-[trace] Initializing 'lni'
2020-01-06 10:28:54.583 [lua]-[trace] Initializing 'lpeg'
2020-01-06 10:28:54.583 [lua]-[trace] Initializing 'lml'
2020-01-06 10:28:54.583 [lua]-[trace] Initializing 'compiler.w3x2lni.data_load'
2020-01-06 10:28:54.583 [lua]-[trace] Initializing 'mapdump'
2020-01-06 10:28:54.583 [event]-[info ] RegisterEvent: EVENT_TEST_MAP
2020-01-06 10:28:54.583 [lua]-[trace] Initializing 'ydwe_on_startup'
2020-01-06 10:28:54.583 [lua]-[trace] Initializing 'w3x2lni.check_object'
2020-01-06 10:28:54.583 [lua]-[trace] Initializing 'virtual_storm'
2020-01-06 10:28:54.583 [lua]-[trace] Initializing 'ffi.storm'
2020-01-06 10:28:54.583 [lua]-[trace] Initializing 'w3x2lni.open_map'
2020-01-06 10:28:54.583 [lua]-[trace] Initializing 'w3x2lni.lniloader'
2020-01-06 10:28:54.583 [lua]-[trace] Initializing 'w3x2lni.wtgloader'
2020-01-06 10:28:54.583 [lua]-[trace] Initializing 'w3x2lni.wtg_checker'
2020-01-06 10:28:54.583 [lua]-[trace] Initializing 'w3x2lni.wtg_reader'
2020-01-06 10:28:54.583 [lua]-[trace] Initializing 'triggerdata'
2020-01-06 10:28:54.583 [lua]-[trace] Initializing 'ui-builder.init'
2020-01-06 10:28:54.583 [lua]-[trace] Initializing 'ui-builder.old-reader'
2020-01-06 10:28:54.583 [lua]-[trace] Initializing 'ui-builder.new-reader'
2020-01-06 10:28:54.583 [lua]-[trace] Initializing 'ui-builder.old-writer'
2020-01-06 10:28:54.583 [lua]-[trace] Initializing 'ui-builder.new-writer'
2020-01-06 10:28:54.583 [lua]-[trace] Initializing 'ui-builder.merge'
2020-01-06 10:28:54.583 [lua]-[trace] Initializing 'uiloader'
2020-01-06 10:28:54.583 [lua]-[trace] Initializing 'stringify_slk'
2020-01-06 10:28:54.583 [lua]-[trace] Initializing 'mpqloader'
2020-01-06 10:28:54.583 [event]-[info ] RegisterEvent: EVENT_WE_START
2020-01-06 10:28:54.583 [event]-[info ] RegisterEvent: EVENT_WE_EXIT
2020-01-06 10:28:54.583 [event]-[info ] RegisterEvent: EVENT_MSS_LOAD
2020-01-06 10:28:54.583 [lua]-[trace] Initializing 'ydwe_on_dialog_message'
2020-01-06 10:28:54.583 [lua]-[trace] Initializing 'WEString'
2020-01-06 10:28:54.583 [event]-[info ] RegisterEvent: EVENT_DIALOG_MESSAGE
2020-01-06 10:28:54.583 [lua]-[trace] Initializing 'ydwe_on_new_object_id'
2020-01-06 10:28:54.583 [event]-[info ] RegisterEvent: EVENT_NEW_OBJECT_ID
2020-01-06 10:28:54.583 [lua]-[debug] ********************* ydwe initialize end *********************
2020-01-06 10:28:54.599 [event]-[info ] Entering main program.
2020-01-06 10:28:54.599 [lua]-[debug] ********************* on startup start *********************
2020-01-06 10:28:54.599 [lua]-[debug] ydwe version 1.32.12.200106
2020-01-06 10:28:54.599 [lua]-[debug] war3 version 1.26.0.6401
2020-01-06 10:28:54.599 [lua]-[trace] Initializing 'gitlog'
2020-01-06 10:28:54.599 [lua]-[debug] commit: cea60fa791e31e0e8551a1c4f61c415646fe20b2
2020-01-06 10:28:54.599 [lua]-[debug] data: Mon Jan 6 09:31:01 2020 +0800
2020-01-06 10:28:54.599 [lua]-[debug] war3 path D:\war3\
2020-01-06 10:28:54.599 [lua]-[trace] check_conflicting_ui
2020-01-06 10:28:54.599 [lua]-[trace] check_conflicting_units
2020-01-06 10:28:54.599 [lua]-[trace] clear_potential_conflicting
2020-01-06 10:28:54.599 [lua]-[trace] check_war3_version
2020-01-06 10:28:54.599 [lua]-[trace] Load plugin config D:\Git\11Platform_YDWE\plugin\tesh\Tesh.plcfg
2020-01-06 10:28:54.599 [lua]-[debug] Tesh loaded successfully.
2020-01-06 10:28:54.599 [lua]-[trace] Load plugin config D:\Git\11Platform_YDWE\plugin\YDClient.plcfg
2020-01-06 10:28:54.599 [lua]-[debug] YDClient loaded successfully.
2020-01-06 10:28:54.599 [lua]-[trace] Load plugin config D:\Git\11Platform_YDWE\plugin\YDColorizer\YDColorizer.plcfg
2020-01-06 10:28:54.599 [lua]-[warn ] failed: disable
2020-01-06 10:28:54.599 [lua]-[trace] Load plugin config D:\Git\11Platform_YDWE\plugin\YDTaskbarSupport.plcfg
2020-01-06 10:28:54.615 [lua]-[debug] YDTaskbarSupport loaded successfully.
2020-01-06 10:28:54.615 [lua]-[trace] Load plugin config D:\Git\11Platform_YDWE\plugin\YDTrigger.plcfg
2020-01-06 10:28:54.615 [lua]-[debug] YDTrigger loaded successfully.
2020-01-06 10:28:54.615 [lua]-[trace] Load plugin config D:\Git\11Platform_YDWE\plugin\YDWeHelper.plcfg
2020-01-06 10:28:54.615 [inject]-[debug] Start installing inline hooks.
2020-01-06 10:28:54.615 [inject]-[trace] Found WeGetSystemParameter at 0x004D1DB0.
2020-01-06 10:28:54.615 [inject]-[trace] WeGetSystemParameter hook installation succeeded.
2020-01-06 10:28:54.615 [inject]-[trace] Found WeVerifyMapCellsLimit at 0x004E1EF0.
2020-01-06 10:28:54.615 [inject]-[trace] Found GetUnkownFlag at 0x004D0AC0.
2020-01-06 10:28:54.615 [inject]-[trace] WeVerifyMapCellsLimit hook installation succeeded.
2020-01-06 10:28:54.615 [inject]-[trace] Found WeTriggerNameCheck at 0x005A4B40.
2020-01-06 10:28:54.615 [inject]-[trace] WeTriggerNameCheck hook installation succeeded.
2020-01-06 10:28:54.615 [inject]-[trace] Found WeTriggerNameInputCharCheck at 0x0042E390.
2020-01-06 10:28:54.615 [inject]-[trace] WeTriggerNameInputCharCheck hook installation succeeded.
2020-01-06 10:28:54.615 [inject]-[trace] Found WeSetWindowCaption at 0x00433A00.
2020-01-06 10:28:54.615 [inject]-[trace] WeSetWindowCaption hook installation succeeded.
2020-01-06 10:28:54.615 [inject]-[trace] Found WeSetMenuItem at 0x0042AA10.
2020-01-06 10:28:54.615 [inject]-[trace] WeSetMenuItem hook installation succeeded.
2020-01-06 10:28:54.615 [inject]-[trace] Found WeStringCompare at 0x004D2D90.
2020-01-06 10:28:54.615 [inject]-[trace] WeStringCompare hook installation succeeded.
2020-01-06 10:28:54.615 [inject]-[trace] Found TriggerEditorEditboxCopy at 0x0071FE90.
2020-01-06 10:28:54.615 [inject]-[trace] WeTriggerEditorEditboxCopy hook installation succeeded.
2020-01-06 10:28:54.615 [inject]-[trace] Found WeUtf8ToAnsi at 0x00429CD0.
2020-01-06 10:28:54.615 [inject]-[trace] WeUtf8ToAnsi hook installation succeeded.
2020-01-06 10:28:54.615 [inject]-[debug] Installing inline hooks complete.
2020-01-06 10:28:54.615 [inject]-[debug] IAT hook initialization started.
2020-01-06 10:28:54.615 [inject]-[trace] WE SHBrowseForFolderA IAT hook succeeded.
2020-01-06 10:28:54.615 [inject]-[trace] WE GetSaveFileNameA IAT hook succeeded.
2020-01-06 10:28:54.615 [inject]-[trace] WE GetOpenFileNameA IAT hook succeeded.
2020-01-06 10:28:54.615 [inject]-[debug] IAT hook initialization completed.
2020-01-06 10:28:54.615 [inject]-[debug] Patches initialization started.
2020-01-06 10:28:54.615 [inject]-[trace] Installing syntax check patch
2020-01-06 10:28:54.615 [inject]-[trace] Patch syntaxCheck in 0x005BC089 success.
2020-01-06 10:28:54.615 [inject]-[trace] Installing auto disable patch
2020-01-06 10:28:54.615 [inject]-[trace] Patch autoDisable in 0x005CEFF3 success.
2020-01-06 10:28:54.615 [inject]-[trace] Installing enable trigger check patch
2020-01-06 10:28:54.615 [inject]-[trace] Patch enableTriggerCheck1 in 0x005C88F5 success.
2020-01-06 10:28:54.615 [inject]-[trace] Patch enableTriggerCheck2 in 0x005C88DA success.
2020-01-06 10:28:54.615 [inject]-[trace] Installing doodad limit patch
2020-01-06 10:28:54.615 [inject]-[trace] Patch doodadLimit in 0x0054CAD8 success.
2020-01-06 10:28:54.615 [inject]-[trace] Installing unit/item limit patch
2020-01-06 10:28:54.615 [inject]-[trace] Patch unitItemLimit in 0x00554B7B success.
2020-01-06 10:28:54.615 [inject]-[trace] Installing editor multi-instance patch
2020-01-06 10:28:54.615 [inject]-[trace] Patch editorInstanceCheck in 0x00435870 success.
2020-01-06 10:28:54.615 [inject]-[trace] Installing attack table patch
2020-01-06 10:28:54.615 [inject]-[debug] Patches initialization completed.
2020-01-06 10:28:54.615 [inject]-[info ] YDWE startup complete.
2020-01-06 10:28:54.615 [lua]-[debug] YDWeHelper loaded successfully.
2020-01-06 10:28:54.615 [lua]-[trace] Initializing 'ui'
2020-01-06 10:28:54.615 [lua]-[trace] Initializing 'registry'
2020-01-06 10:28:54.630 [lua]-[debug] ********************* on startup end *********************
2020-01-06 10:28:55. 36 [lua]-[trace] virtual_mpq 'worldeditdata'
2020-01-06 10:28:55. 36 [lua]-[trace] virtual_mpq 'worldeditstrings'
2020-01-06 10:28:55. 67 [lua]-[trace] virtual_mpq 'triggerdata'
2020-01-06 10:28:55. 67 [lua]-[trace] Loading ui from D:\Git\11Platform_YDWE\ui\japi
2020-01-06 10:28:55. 67 [lua]-[error] ...it\11Platform_YDWE\script\ydwe\ui-builder\new-reader.lua:71: 
action.txt:426: unfinished string near <eof>
2020-01-06 10:28:55. 67 [lua]-[trace] virtual_mpq 'triggerstrings'
2020-01-06 10:28:55.145 [lua]-[debug] Loading provider D:\war3\redist\miles\Mp3dec.asi
2020-01-06 10:28:55.145 [lua]-[debug] Loading provider D:\war3\redist\miles\Mssdolby.m3d
2020-01-06 10:28:55.145 [lua]-[debug] Loading provider D:\war3\redist\miles\Msseax2.m3d
2020-01-06 10:28:55.145 [lua]-[debug] Loading provider D:\war3\redist\miles\Mssfast.m3d
2020-01-06 10:28:55.145 [lua]-[debug] Loading provider D:\war3\redist\miles\Reverb3.flt
2020-01-06 10:28:56.166 [lua]-[debug] ********************* on menuinit start *********************
2020-01-06 10:28:56.166 [lua]-[debug] ********************* on menuinit end *********************
2020-01-06 10:29:02.988 [lua]-[info ] Open map	D:\YDWE\Maps\JFTestMapTrigger\src.w3x
2020-01-06 10:29:02.988 [lua]-[trace] Loading ui from D:\Git\11Platform_YDWE\ui\japi
2020-01-06 10:29:02.988 [lua]-[error] ...it\11Platform_YDWE\script\ydwe\ui-builder\new-reader.lua:71: 
action.txt:426: unfinished string near <eof>
2020-01-06 10:31:11.455 [root]-[info ] ------------------------------------------------------
2020-01-06 10:31:11.455 [root]-[info ] LuaEngine 1, 32, 12, 200106 started.
2020-01-06 10:31:11.455 [root]-[info ] Compiled at 09:33:46, Jan  6 2020
2020-01-06 10:31:11.455 [root]-[info ] Windows version: 6.1.7601
2020-01-06 10:31:11.455 [root]-[debug] Initialize LuaEngine successfully.
2020-01-06 10:31:11.455 [lua]-[debug] ********************* ydwe initialize start *********************
2020-01-06 10:31:11.455 [lua]-[trace] Initializing 'utiliy'
2020-01-06 10:31:11.455 [lua]-[trace] Initializing 'filesystem'
2020-01-06 10:31:11.455 [lua]-[trace] Initializing 'process'
2020-01-06 10:31:11.455 [lua]-[trace] Initializing 'ffi.unicode'
2020-01-06 10:31:11.455 [lua]-[trace] Initializing 'ffi'
2020-01-06 10:31:11.455 [lua]-[debug] ydwe path D:\Git\11Platform_YDWE
2020-01-06 10:31:11.455 [lua]-[trace] Initializing 'localization'
2020-01-06 10:31:11.455 [lua]-[trace] Initializing 'i18n'
2020-01-06 10:31:11.455 [lua]-[info ] [i18n]current language	zh-CN
2020-01-06 10:31:11.455 [lua]-[trace] Initializing 'event'
2020-01-06 10:31:11.455 [lua]-[trace] Initializing 'virtual_mpq'
2020-01-06 10:31:11.455 [lua]-[trace] Initializing 'version'
2020-01-06 10:31:11.455 [lua]-[trace] Initializing 'file_version'
2020-01-06 10:31:11.455 [lua]-[trace] Initializing 'config'
2020-01-06 10:31:11.455 [lua]-[debug] war3 path D:\war3\
2020-01-06 10:31:11.455 [lua]-[trace] Initializing 'plugin'
2020-01-06 10:31:11.455 [lua]-[trace] Initializing 'ffi.loadlibrary'
2020-01-06 10:31:11.455 [lua]-[trace] Initializing 'ffi.gui'
2020-01-06 10:31:11.455 [event]-[info ] RegisterEvent: EVENT_WINDOW_MESSAGE
2020-01-06 10:31:11.455 [lua]-[trace] Initializing 'ydwe_on_menu'
2020-01-06 10:31:11.455 [event]-[info ] RegisterEvent: EVENT_INIT_MENU
2020-01-06 10:31:11.455 [lua]-[trace] Initializing 'ydwe_on_save'
2020-01-06 10:31:11.471 [lua]-[trace] Initializing 'compiler'
2020-01-06 10:31:11.471 [lua]-[trace] Initializing 'compiler.inject_code'
2020-01-06 10:31:11.471 [lua]-[trace] Initializing 'compiler.wave'
2020-01-06 10:31:11.471 [lua]-[trace] Initializing 'compiler.template'
2020-01-06 10:31:11.471 [lua]-[trace] Initializing 'compiler.cjass'
2020-01-06 10:31:11.471 [lua]-[trace] Initializing 'compiler.jasshelper'
2020-01-06 10:31:11.471 [lua]-[trace] Initializing 'ffi.stormlib'
2020-01-06 10:31:11.471 [lua]-[trace] Initializing 'ev'
2020-01-06 10:31:11.471 [lua]-[trace] Initializing 'w3x2lni.map_packer'
2020-01-06 10:31:11.471 [event]-[info ] RegisterEvent: EVENT_NEW_SAVE_MAP
2020-01-06 10:31:11.471 [lua]-[trace] Initializing 'ydwe_on_test'
2020-01-06 10:31:11.471 [lua]-[trace] Initializing 'compiler.w3x2lni.init'
2020-01-06 10:31:11.471 [lua]-[trace] Initializing 'w3xparser'
2020-01-06 10:31:11.471 [lua]-[trace] Initializing 'lni'
2020-01-06 10:31:11.471 [lua]-[trace] Initializing 'lpeg'
2020-01-06 10:31:11.471 [lua]-[trace] Initializing 'lml'
2020-01-06 10:31:11.471 [lua]-[trace] Initializing 'compiler.w3x2lni.data_load'
2020-01-06 10:31:11.471 [lua]-[trace] Initializing 'mapdump'
2020-01-06 10:31:11.471 [event]-[info ] RegisterEvent: EVENT_TEST_MAP
2020-01-06 10:31:11.471 [lua]-[trace] Initializing 'ydwe_on_startup'
2020-01-06 10:31:11.471 [lua]-[trace] Initializing 'w3x2lni.check_object'
2020-01-06 10:31:11.471 [lua]-[trace] Initializing 'virtual_storm'
2020-01-06 10:31:11.471 [lua]-[trace] Initializing 'ffi.storm'
2020-01-06 10:31:11.471 [lua]-[trace] Initializing 'w3x2lni.open_map'
2020-01-06 10:31:11.471 [lua]-[trace] Initializing 'w3x2lni.lniloader'
2020-01-06 10:31:11.471 [lua]-[trace] Initializing 'w3x2lni.wtgloader'
2020-01-06 10:31:11.471 [lua]-[trace] Initializing 'w3x2lni.wtg_checker'
2020-01-06 10:31:11.471 [lua]-[trace] Initializing 'w3x2lni.wtg_reader'
2020-01-06 10:31:11.471 [lua]-[trace] Initializing 'triggerdata'
2020-01-06 10:31:11.471 [lua]-[trace] Initializing 'ui-builder.init'
2020-01-06 10:31:11.471 [lua]-[trace] Initializing 'ui-builder.old-reader'
2020-01-06 10:31:11.471 [lua]-[trace] Initializing 'ui-builder.new-reader'
2020-01-06 10:31:11.471 [lua]-[trace] Initializing 'ui-builder.old-writer'
2020-01-06 10:31:11.471 [lua]-[trace] Initializing 'ui-builder.new-writer'
2020-01-06 10:31:11.471 [lua]-[trace] Initializing 'ui-builder.merge'
2020-01-06 10:31:11.471 [lua]-[trace] Initializing 'uiloader'
2020-01-06 10:31:11.471 [lua]-[trace] Initializing 'stringify_slk'
2020-01-06 10:31:11.471 [lua]-[trace] Initializing 'mpqloader'
2020-01-06 10:31:11.471 [event]-[info ] RegisterEvent: EVENT_WE_START
2020-01-06 10:31:11.471 [event]-[info ] RegisterEvent: EVENT_WE_EXIT
2020-01-06 10:31:11.471 [event]-[info ] RegisterEvent: EVENT_MSS_LOAD
2020-01-06 10:31:11.471 [lua]-[trace] Initializing 'ydwe_on_dialog_message'
2020-01-06 10:31:11.471 [lua]-[trace] Initializing 'WEString'
2020-01-06 10:31:11.486 [event]-[info ] RegisterEvent: EVENT_DIALOG_MESSAGE
2020-01-06 10:31:11.486 [lua]-[trace] Initializing 'ydwe_on_new_object_id'
2020-01-06 10:31:11.486 [event]-[info ] RegisterEvent: EVENT_NEW_OBJECT_ID
2020-01-06 10:31:11.486 [lua]-[debug] ********************* ydwe initialize end *********************
2020-01-06 10:31:11.486 [event]-[info ] Entering main program.
2020-01-06 10:31:11.486 [lua]-[debug] ********************* on startup start *********************
2020-01-06 10:31:11.486 [lua]-[debug] ydwe version 1.32.12.200106
2020-01-06 10:31:11.486 [lua]-[debug] war3 version 1.26.0.6401
2020-01-06 10:31:11.486 [lua]-[trace] Initializing 'gitlog'
2020-01-06 10:31:11.486 [lua]-[debug] commit: cea60fa791e31e0e8551a1c4f61c415646fe20b2
2020-01-06 10:31:11.486 [lua]-[debug] data: Mon Jan 6 09:31:01 2020 +0800
2020-01-06 10:31:11.486 [lua]-[debug] war3 path D:\war3\
2020-01-06 10:31:11.486 [lua]-[trace] check_conflicting_ui
2020-01-06 10:31:11.486 [lua]-[trace] check_conflicting_units
2020-01-06 10:31:11.486 [lua]-[trace] clear_potential_conflicting
2020-01-06 10:31:11.486 [lua]-[trace] check_war3_version
2020-01-06 10:31:11.486 [lua]-[trace] Load plugin config D:\Git\11Platform_YDWE\plugin\tesh\Tesh.plcfg
2020-01-06 10:31:11.502 [lua]-[debug] Tesh loaded successfully.
2020-01-06 10:31:11.502 [lua]-[trace] Load plugin config D:\Git\11Platform_YDWE\plugin\YDClient.plcfg
2020-01-06 10:31:11.502 [lua]-[debug] YDClient loaded successfully.
2020-01-06 10:31:11.502 [lua]-[trace] Load plugin config D:\Git\11Platform_YDWE\plugin\YDColorizer\YDColorizer.plcfg
2020-01-06 10:31:11.502 [lua]-[warn ] failed: disable
2020-01-06 10:31:11.502 [lua]-[trace] Load plugin config D:\Git\11Platform_YDWE\plugin\YDTaskbarSupport.plcfg
2020-01-06 10:31:11.517 [lua]-[debug] YDTaskbarSupport loaded successfully.
2020-01-06 10:31:11.517 [lua]-[trace] Load plugin config D:\Git\11Platform_YDWE\plugin\YDTrigger.plcfg
2020-01-06 10:31:11.517 [lua]-[debug] YDTrigger loaded successfully.
2020-01-06 10:31:11.517 [lua]-[trace] Load plugin config D:\Git\11Platform_YDWE\plugin\YDWeHelper.plcfg
2020-01-06 10:31:11.517 [inject]-[debug] Start installing inline hooks.
2020-01-06 10:31:11.517 [inject]-[trace] Found WeGetSystemParameter at 0x004D1DB0.
2020-01-06 10:31:11.517 [inject]-[trace] WeGetSystemParameter hook installation succeeded.
2020-01-06 10:31:11.517 [inject]-[trace] Found WeVerifyMapCellsLimit at 0x004E1EF0.
2020-01-06 10:31:11.517 [inject]-[trace] Found GetUnkownFlag at 0x004D0AC0.
2020-01-06 10:31:11.517 [inject]-[trace] WeVerifyMapCellsLimit hook installation succeeded.
2020-01-06 10:31:11.517 [inject]-[trace] Found WeTriggerNameCheck at 0x005A4B40.
2020-01-06 10:31:11.517 [inject]-[trace] WeTriggerNameCheck hook installation succeeded.
2020-01-06 10:31:11.517 [inject]-[trace] Found WeTriggerNameInputCharCheck at 0x0042E390.
2020-01-06 10:31:11.517 [inject]-[trace] WeTriggerNameInputCharCheck hook installation succeeded.
2020-01-06 10:31:11.517 [inject]-[trace] Found WeSetWindowCaption at 0x00433A00.
2020-01-06 10:31:11.517 [inject]-[trace] WeSetWindowCaption hook installation succeeded.
2020-01-06 10:31:11.517 [inject]-[trace] Found WeSetMenuItem at 0x0042AA10.
2020-01-06 10:31:11.517 [inject]-[trace] WeSetMenuItem hook installation succeeded.
2020-01-06 10:31:11.517 [inject]-[trace] Found WeStringCompare at 0x004D2D90.
2020-01-06 10:31:11.517 [inject]-[trace] WeStringCompare hook installation succeeded.
2020-01-06 10:31:11.517 [inject]-[trace] Found TriggerEditorEditboxCopy at 0x0071FE90.
2020-01-06 10:31:11.517 [inject]-[trace] WeTriggerEditorEditboxCopy hook installation succeeded.
2020-01-06 10:31:11.517 [inject]-[trace] Found WeUtf8ToAnsi at 0x00429CD0.
2020-01-06 10:31:11.517 [inject]-[trace] WeUtf8ToAnsi hook installation succeeded.
2020-01-06 10:31:11.517 [inject]-[debug] Installing inline hooks complete.
2020-01-06 10:31:11.517 [inject]-[debug] IAT hook initialization started.
2020-01-06 10:31:11.517 [inject]-[trace] WE SHBrowseForFolderA IAT hook succeeded.
2020-01-06 10:31:11.517 [inject]-[trace] WE GetSaveFileNameA IAT hook succeeded.
2020-01-06 10:31:11.517 [inject]-[trace] WE GetOpenFileNameA IAT hook succeeded.
2020-01-06 10:31:11.517 [inject]-[debug] IAT hook initialization completed.
2020-01-06 10:31:11.517 [inject]-[debug] Patches initialization started.
2020-01-06 10:31:11.517 [inject]-[trace] Installing syntax check patch
2020-01-06 10:31:11.517 [inject]-[trace] Patch syntaxCheck in 0x005BC089 success.
2020-01-06 10:31:11.517 [inject]-[trace] Installing auto disable patch
2020-01-06 10:31:11.517 [inject]-[trace] Patch autoDisable in 0x005CEFF3 success.
2020-01-06 10:31:11.517 [inject]-[trace] Installing enable trigger check patch
2020-01-06 10:31:11.517 [inject]-[trace] Patch enableTriggerCheck1 in 0x005C88F5 success.
2020-01-06 10:31:11.517 [inject]-[trace] Patch enableTriggerCheck2 in 0x005C88DA success.
2020-01-06 10:31:11.517 [inject]-[trace] Installing doodad limit patch
2020-01-06 10:31:11.517 [inject]-[trace] Patch doodadLimit in 0x0054CAD8 success.
2020-01-06 10:31:11.517 [inject]-[trace] Installing unit/item limit patch
2020-01-06 10:31:11.517 [inject]-[trace] Patch unitItemLimit in 0x00554B7B success.
2020-01-06 10:31:11.517 [inject]-[trace] Installing editor multi-instance patch
2020-01-06 10:31:11.517 [inject]-[trace] Patch editorInstanceCheck in 0x00435870 success.
2020-01-06 10:31:11.517 [inject]-[trace] Installing attack table patch
2020-01-06 10:31:11.517 [inject]-[debug] Patches initialization completed.
2020-01-06 10:31:11.517 [inject]-[info ] YDWE startup complete.
2020-01-06 10:31:11.517 [lua]-[debug] YDWeHelper loaded successfully.
2020-01-06 10:31:11.517 [lua]-[trace] Initializing 'ui'
2020-01-06 10:31:11.517 [lua]-[trace] Initializing 'registry'
2020-01-06 10:31:11.517 [lua]-[debug] ********************* on startup end *********************
2020-01-06 10:31:11.939 [lua]-[trace] virtual_mpq 'worldeditdata'
2020-01-06 10:31:11.939 [lua]-[trace] virtual_mpq 'worldeditstrings'
2020-01-06 10:31:11.954 [lua]-[trace] virtual_mpq 'triggerdata'
2020-01-06 10:31:11.954 [lua]-[trace] Loading ui from D:\Git\11Platform_YDWE\ui\japi
2020-01-06 10:31:11.954 [lua]-[error] ...it\11Platform_YDWE\script\ydwe\ui-builder\new-reader.lua:71: 
action.txt:426: unfinished string near <eof>
2020-01-06 10:31:11.954 [lua]-[trace] virtual_mpq 'triggerstrings'
2020-01-06 10:31:12. 32 [lua]-[debug] Loading provider D:\war3\redist\miles\Mp3dec.asi
2020-01-06 10:31:12. 32 [lua]-[debug] Loading provider D:\war3\redist\miles\Mssdolby.m3d
2020-01-06 10:31:12. 32 [lua]-[debug] Loading provider D:\war3\redist\miles\Msseax2.m3d
2020-01-06 10:31:12. 32 [lua]-[debug] Loading provider D:\war3\redist\miles\Mssfast.m3d
2020-01-06 10:31:12. 32 [lua]-[debug] Loading provider D:\war3\redist\miles\Reverb3.flt
2020-01-06 10:31:13. 31 [lua]-[debug] ********************* on menuinit start *********************
2020-01-06 10:31:13. 31 [lua]-[debug] ********************* on menuinit end *********************
2020-01-06 10:31:19.373 [lua]-[info ] Open map	D:\YDWE\Maps\JFTestMapTrigger\src.w3x
2020-01-06 10:31:19.373 [lua]-[trace] Loading ui from D:\Git\11Platform_YDWE\ui\japi
2020-01-06 10:31:19.373 [lua]-[error] ...it\11Platform_YDWE\script\ydwe\ui-builder\new-reader.lua:71: 
action.txt:426: unfinished string near <eof>
2020-01-06 10:43:55.967 [root]-[info ] ------------------------------------------------------
2020-01-06 10:43:55.968 [root]-[info ] LuaEngine 1, 32, 12, 200106 started.
2020-01-06 10:43:55.968 [root]-[info ] Compiled at 09:33:46, Jan  6 2020
2020-01-06 10:43:55.968 [root]-[info ] Windows version: 6.1.7601
2020-01-06 10:43:55.968 [root]-[debug] Initialize LuaEngine successfully.
2020-01-06 10:43:55.968 [lua]-[debug] ********************* ydwe initialize start *********************
2020-01-06 10:43:55.968 [lua]-[trace] Initializing 'utiliy'
2020-01-06 10:43:55.969 [lua]-[trace] Initializing 'filesystem'
2020-01-06 10:43:55.969 [lua]-[trace] Initializing 'process'
2020-01-06 10:43:55.970 [lua]-[trace] Initializing 'ffi.unicode'
2020-01-06 10:43:55.970 [lua]-[trace] Initializing 'ffi'
2020-01-06 10:43:55.971 [lua]-[debug] ydwe path D:\Git\11Platform_YDWE
2020-01-06 10:43:55.971 [lua]-[trace] Initializing 'localization'
2020-01-06 10:43:55.971 [lua]-[trace] Initializing 'i18n'
2020-01-06 10:43:55.972 [lua]-[info ] [i18n]current language	zh-CN
2020-01-06 10:43:55.972 [lua]-[trace] Initializing 'event'
2020-01-06 10:43:55.974 [lua]-[trace] Initializing 'virtual_mpq'
2020-01-06 10:43:55.975 [lua]-[trace] Initializing 'version'
2020-01-06 10:43:55.975 [lua]-[trace] Initializing 'file_version'
2020-01-06 10:43:55.976 [lua]-[trace] Initializing 'config'
2020-01-06 10:43:55.976 [lua]-[debug] war3 path D:\war3\
2020-01-06 10:43:55.976 [lua]-[trace] Initializing 'plugin'
2020-01-06 10:43:55.977 [lua]-[trace] Initializing 'ffi.loadlibrary'
2020-01-06 10:43:55.977 [lua]-[trace] Initializing 'ffi.gui'
2020-01-06 10:43:55.977 [event]-[info ] RegisterEvent: EVENT_WINDOW_MESSAGE
2020-01-06 10:43:55.977 [lua]-[trace] Initializing 'ydwe_on_menu'
2020-01-06 10:43:55.977 [event]-[info ] RegisterEvent: EVENT_INIT_MENU
2020-01-06 10:43:55.977 [lua]-[trace] Initializing 'ydwe_on_save'
2020-01-06 10:43:55.978 [lua]-[trace] Initializing 'compiler'
2020-01-06 10:43:55.978 [lua]-[trace] Initializing 'compiler.inject_code'
2020-01-06 10:43:55.978 [lua]-[trace] Initializing 'compiler.wave'
2020-01-06 10:43:55.978 [lua]-[trace] Initializing 'compiler.template'
2020-01-06 10:43:55.979 [lua]-[trace] Initializing 'compiler.cjass'
2020-01-06 10:43:55.979 [lua]-[trace] Initializing 'compiler.jasshelper'
2020-01-06 10:43:55.979 [lua]-[trace] Initializing 'ffi.stormlib'
2020-01-06 10:43:55.979 [lua]-[trace] Initializing 'ev'
2020-01-06 10:43:55.980 [lua]-[trace] Initializing 'w3x2lni.map_packer'
2020-01-06 10:43:55.980 [event]-[info ] RegisterEvent: EVENT_NEW_SAVE_MAP
2020-01-06 10:43:55.980 [lua]-[trace] Initializing 'ydwe_on_test'
2020-01-06 10:43:55.980 [lua]-[trace] Initializing 'compiler.w3x2lni.init'
2020-01-06 10:43:55.980 [lua]-[trace] Initializing 'w3xparser'
2020-01-06 10:43:55.981 [lua]-[trace] Initializing 'lni'
2020-01-06 10:43:55.981 [lua]-[trace] Initializing 'lpeg'
2020-01-06 10:43:55.982 [lua]-[trace] Initializing 'lml'
2020-01-06 10:43:55.982 [lua]-[trace] Initializing 'compiler.w3x2lni.data_load'
2020-01-06 10:43:55.984 [lua]-[trace] Initializing 'mapdump'
2020-01-06 10:43:55.984 [event]-[info ] RegisterEvent: EVENT_TEST_MAP
2020-01-06 10:43:55.984 [lua]-[trace] Initializing 'ydwe_on_startup'
2020-01-06 10:43:55.984 [lua]-[trace] Initializing 'w3x2lni.check_object'
2020-01-06 10:43:55.984 [lua]-[trace] Initializing 'virtual_storm'
2020-01-06 10:43:55.985 [lua]-[trace] Initializing 'ffi.storm'
2020-01-06 10:43:55.985 [lua]-[trace] Initializing 'w3x2lni.open_map'
2020-01-06 10:43:55.985 [lua]-[trace] Initializing 'w3x2lni.lniloader'
2020-01-06 10:43:55.985 [lua]-[trace] Initializing 'w3x2lni.wtgloader'
2020-01-06 10:43:55.985 [lua]-[trace] Initializing 'w3x2lni.wtg_checker'
2020-01-06 10:43:55.986 [lua]-[trace] Initializing 'w3x2lni.wtg_reader'
2020-01-06 10:43:55.986 [lua]-[trace] Initializing 'triggerdata'
2020-01-06 10:43:55.986 [lua]-[trace] Initializing 'ui-builder.init'
2020-01-06 10:43:55.987 [lua]-[trace] Initializing 'ui-builder.old-reader'
2020-01-06 10:43:55.987 [lua]-[trace] Initializing 'ui-builder.new-reader'
2020-01-06 10:43:55.987 [lua]-[trace] Initializing 'ui-builder.old-writer'
2020-01-06 10:43:55.987 [lua]-[trace] Initializing 'ui-builder.new-writer'
2020-01-06 10:43:55.988 [lua]-[trace] Initializing 'ui-builder.merge'
2020-01-06 10:43:55.988 [lua]-[trace] Initializing 'uiloader'
2020-01-06 10:43:55.988 [lua]-[trace] Initializing 'stringify_slk'
2020-01-06 10:43:55.988 [lua]-[trace] Initializing 'mpqloader'
2020-01-06 10:43:55.989 [event]-[info ] RegisterEvent: EVENT_WE_START
2020-01-06 10:43:55.989 [event]-[info ] RegisterEvent: EVENT_WE_EXIT
2020-01-06 10:43:55.989 [event]-[info ] RegisterEvent: EVENT_MSS_LOAD
2020-01-06 10:43:55.989 [lua]-[trace] Initializing 'ydwe_on_dialog_message'
2020-01-06 10:43:55.989 [lua]-[trace] Initializing 'WEString'
2020-01-06 10:43:55.994 [event]-[info ] RegisterEvent: EVENT_DIALOG_MESSAGE
2020-01-06 10:43:55.994 [lua]-[trace] Initializing 'ydwe_on_new_object_id'
2020-01-06 10:43:55.995 [event]-[info ] RegisterEvent: EVENT_NEW_OBJECT_ID
2020-01-06 10:43:55.995 [lua]-[debug] ********************* ydwe initialize end *********************
2020-01-06 10:43:55.999 [event]-[info ] Entering main program.
2020-01-06 10:43:56.  0 [lua]-[debug] ********************* on startup start *********************
2020-01-06 10:43:56.  1 [lua]-[debug] ydwe version 1.32.12.200106
2020-01-06 10:43:56.  1 [lua]-[debug] war3 version 1.26.0.6401
2020-01-06 10:43:56.  1 [lua]-[trace] Initializing 'gitlog'
2020-01-06 10:43:56.  1 [lua]-[debug] commit: cea60fa791e31e0e8551a1c4f61c415646fe20b2
2020-01-06 10:43:56.  1 [lua]-[debug] data: Mon Jan 6 09:31:01 2020 +0800
2020-01-06 10:43:56.  2 [lua]-[debug] war3 path D:\war3\
2020-01-06 10:43:56.  2 [lua]-[trace] check_conflicting_ui
2020-01-06 10:43:56.  2 [lua]-[trace] check_conflicting_units
2020-01-06 10:43:56.  2 [lua]-[trace] clear_potential_conflicting
2020-01-06 10:43:56.  2 [lua]-[trace] check_war3_version
2020-01-06 10:43:56.  4 [lua]-[trace] Load plugin config D:\Git\11Platform_YDWE\plugin\tesh\Tesh.plcfg
2020-01-06 10:43:56.  8 [lua]-[debug] Tesh loaded successfully.
2020-01-06 10:43:56.  9 [lua]-[trace] Load plugin config D:\Git\11Platform_YDWE\plugin\YDClient.plcfg
2020-01-06 10:43:56.  9 [lua]-[debug] YDClient loaded successfully.
2020-01-06 10:43:56.  9 [lua]-[trace] Load plugin config D:\Git\11Platform_YDWE\plugin\YDColorizer\YDColorizer.plcfg
2020-01-06 10:43:56.  9 [lua]-[warn ] failed: disable
2020-01-06 10:43:56. 10 [lua]-[trace] Load plugin config D:\Git\11Platform_YDWE\plugin\YDTaskbarSupport.plcfg
2020-01-06 10:43:56. 25 [lua]-[debug] YDTaskbarSupport loaded successfully.
2020-01-06 10:43:56. 26 [lua]-[trace] Load plugin config D:\Git\11Platform_YDWE\plugin\YDTrigger.plcfg
2020-01-06 10:43:56. 27 [lua]-[debug] YDTrigger loaded successfully.
2020-01-06 10:43:56. 27 [lua]-[trace] Load plugin config D:\Git\11Platform_YDWE\plugin\YDWeHelper.plcfg
2020-01-06 10:43:56. 27 [inject]-[debug] Start installing inline hooks.
2020-01-06 10:43:56. 27 [inject]-[trace] Found WeGetSystemParameter at 0x004D1DB0.
2020-01-06 10:43:56. 28 [inject]-[trace] WeGetSystemParameter hook installation succeeded.
2020-01-06 10:43:56. 28 [inject]-[trace] Found WeVerifyMapCellsLimit at 0x004E1EF0.
2020-01-06 10:43:56. 28 [inject]-[trace] Found GetUnkownFlag at 0x004D0AC0.
2020-01-06 10:43:56. 28 [inject]-[trace] WeVerifyMapCellsLimit hook installation succeeded.
2020-01-06 10:43:56. 28 [inject]-[trace] Found WeTriggerNameCheck at 0x005A4B40.
2020-01-06 10:43:56. 28 [inject]-[trace] WeTriggerNameCheck hook installation succeeded.
2020-01-06 10:43:56. 28 [inject]-[trace] Found WeTriggerNameInputCharCheck at 0x0042E390.
2020-01-06 10:43:56. 28 [inject]-[trace] WeTriggerNameInputCharCheck hook installation succeeded.
2020-01-06 10:43:56. 28 [inject]-[trace] Found WeSetWindowCaption at 0x00433A00.
2020-01-06 10:43:56. 28 [inject]-[trace] WeSetWindowCaption hook installation succeeded.
2020-01-06 10:43:56. 28 [inject]-[trace] Found WeSetMenuItem at 0x0042AA10.
2020-01-06 10:43:56. 28 [inject]-[trace] WeSetMenuItem hook installation succeeded.
2020-01-06 10:43:56. 28 [inject]-[trace] Found WeStringCompare at 0x004D2D90.
2020-01-06 10:43:56. 28 [inject]-[trace] WeStringCompare hook installation succeeded.
2020-01-06 10:43:56. 28 [inject]-[trace] Found TriggerEditorEditboxCopy at 0x0071FE90.
2020-01-06 10:43:56. 28 [inject]-[trace] WeTriggerEditorEditboxCopy hook installation succeeded.
2020-01-06 10:43:56. 28 [inject]-[trace] Found WeUtf8ToAnsi at 0x00429CD0.
2020-01-06 10:43:56. 28 [inject]-[trace] WeUtf8ToAnsi hook installation succeeded.
2020-01-06 10:43:56. 28 [inject]-[debug] Installing inline hooks complete.
2020-01-06 10:43:56. 28 [inject]-[debug] IAT hook initialization started.
2020-01-06 10:43:56. 28 [inject]-[trace] WE SHBrowseForFolderA IAT hook succeeded.
2020-01-06 10:43:56. 28 [inject]-[trace] WE GetSaveFileNameA IAT hook succeeded.
2020-01-06 10:43:56. 28 [inject]-[trace] WE GetOpenFileNameA IAT hook succeeded.
2020-01-06 10:43:56. 28 [inject]-[debug] IAT hook initialization completed.
2020-01-06 10:43:56. 28 [inject]-[debug] Patches initialization started.
2020-01-06 10:43:56. 28 [inject]-[trace] Installing syntax check patch
2020-01-06 10:43:56. 28 [inject]-[trace] Patch syntaxCheck in 0x005BC089 success.
2020-01-06 10:43:56. 28 [inject]-[trace] Installing auto disable patch
2020-01-06 10:43:56. 28 [inject]-[trace] Patch autoDisable in 0x005CEFF3 success.
2020-01-06 10:43:56. 28 [inject]-[trace] Installing enable trigger check patch
2020-01-06 10:43:56. 28 [inject]-[trace] Patch enableTriggerCheck1 in 0x005C88F5 success.
2020-01-06 10:43:56. 28 [inject]-[trace] Patch enableTriggerCheck2 in 0x005C88DA success.
2020-01-06 10:43:56. 28 [inject]-[trace] Installing doodad limit patch
2020-01-06 10:43:56. 28 [inject]-[trace] Patch doodadLimit in 0x0054CAD8 success.
2020-01-06 10:43:56. 28 [inject]-[trace] Installing unit/item limit patch
2020-01-06 10:43:56. 28 [inject]-[trace] Patch unitItemLimit in 0x00554B7B success.
2020-01-06 10:43:56. 28 [inject]-[trace] Installing editor multi-instance patch
2020-01-06 10:43:56. 28 [inject]-[trace] Patch editorInstanceCheck in 0x00435870 success.
2020-01-06 10:43:56. 28 [inject]-[trace] Installing attack table patch
2020-01-06 10:43:56. 28 [inject]-[debug] Patches initialization completed.
2020-01-06 10:43:56. 28 [inject]-[info ] YDWE startup complete.
2020-01-06 10:43:56. 28 [lua]-[debug] YDWeHelper loaded successfully.
2020-01-06 10:43:56. 28 [lua]-[trace] Initializing 'ui'
2020-01-06 10:43:56. 28 [lua]-[trace] Initializing 'registry'
2020-01-06 10:43:56. 29 [lua]-[debug] ********************* on startup end *********************
2020-01-06 10:43:56.397 [lua]-[trace] virtual_mpq 'worldeditdata'
2020-01-06 10:43:56.399 [lua]-[trace] virtual_mpq 'worldeditstrings'
2020-01-06 10:43:56.415 [lua]-[trace] virtual_mpq 'triggerdata'
2020-01-06 10:43:56.415 [lua]-[trace] Loading ui from D:\Git\11Platform_YDWE\ui\japi
2020-01-06 10:43:56.416 [lua]-[trace] Loading ui from D:\Git\11Platform_YDWE\ui\ydwe
2020-01-06 10:43:56.457 [lua]-[trace] Loading ui from D:\Git\11Platform_YDWE\ui\ydtrigger
2020-01-06 10:43:56.468 [lua]-[trace] Loading ui from D:\Git\11Platform_YDWE\unknownui
2020-01-06 10:43:56.514 [lua]-[trace] virtual_mpq 'triggerstrings'
2020-01-06 10:43:56.595 [lua]-[debug] Loading provider D:\war3\redist\miles\Mp3dec.asi
2020-01-06 10:43:56.597 [lua]-[debug] Loading provider D:\war3\redist\miles\Mssdolby.m3d
2020-01-06 10:43:56.597 [lua]-[debug] Loading provider D:\war3\redist\miles\Msseax2.m3d
2020-01-06 10:43:56.597 [lua]-[debug] Loading provider D:\war3\redist\miles\Mssfast.m3d
2020-01-06 10:43:56.598 [lua]-[debug] Loading provider D:\war3\redist\miles\Reverb3.flt
2020-01-06 10:43:57.617 [lua]-[debug] ********************* on menuinit start *********************
2020-01-06 10:43:57.617 [lua]-[debug] ********************* on menuinit end *********************
2020-01-06 10:44:04.218 [lua]-[info ] Open map	D:\YDWE\Maps\JFTestMapTrigger\src.w3x
2020-01-06 10:44:04.219 [lua]-[trace] Loading ui from D:\Git\11Platform_YDWE\ui\japi
2020-01-06 10:44:04.221 [lua]-[trace] Loading ui from D:\Git\11Platform_YDWE\ui\ydwe
2020-01-06 10:44:04.262 [lua]-[trace] Loading ui from D:\Git\11Platform_YDWE\ui\ydtrigger
2020-01-06 10:44:04.272 [lua]-[trace] Loading ui from D:\Git\11Platform_YDWE\unknownui
2020-01-06 10:44:05.290 [lua]-[info ] OpenPathAsArchive	Custom_V1
2020-01-06 10:44:05.507 [lua]-[trace] virtual_mpq 'worldeditdata'
2020-01-06 10:44:05.510 [lua]-[trace] virtual_mpq 'worldeditstrings'
2020-01-06 10:44:05.526 [lua]-[trace] virtual_mpq 'triggerdata'
2020-01-06 10:44:05.526 [lua]-[trace] Loading ui from D:\Git\11Platform_YDWE\ui\japi
2020-01-06 10:44:05.527 [lua]-[trace] Loading ui from D:\Git\11Platform_YDWE\ui\ydwe
2020-01-06 10:44:05.559 [lua]-[trace] Loading ui from D:\Git\11Platform_YDWE\ui\ydtrigger
2020-01-06 10:44:05.568 [lua]-[trace] Loading ui from D:\Git\11Platform_YDWE\unknownui
2020-01-06 10:44:05.616 [lua]-[trace] virtual_mpq 'triggerstrings'
2020-01-06 10:44:31.344 [lua]-[info ] ClosePathAsArchive	Custom_V1
2020-01-06 10:44:31.344 [lua]-[debug] ********************* on exit start *********************
2020-01-06 10:44:31.344 [lua]-[trace] Unload plugin Tesh.
2020-01-06 10:44:31.345 [lua]-[trace] Unload plugin YDTaskbarSupport.
2020-01-06 10:44:31.345 [lua]-[trace] Unload plugin YDClient.
2020-01-06 10:44:31.345 [lua]-[trace] Unload plugin YDWeHelper.
2020-01-06 10:44:31.345 [inject]-[debug] IAT hook cleanup started.
2020-01-06 10:44:31.345 [inject]-[trace] WE IAT hook cleaned.
2020-01-06 10:44:31.345 [inject]-[trace] Storm.dll IAT hook cleaned.
2020-01-06 10:44:31.345 [inject]-[debug] IAT hook cleanup completed.
2020-01-06 10:44:31.345 [inject]-[debug] Inline hook uninstallation begins!
2020-01-06 10:44:31.345 [inject]-[debug] Inline hook uninstallation finished!
2020-01-06 10:44:31.345 [lua]-[trace] Unload plugin YDTrigger.
2020-01-06 10:44:31.346 [lua]-[debug] ********************* on exit end *********************
2020-01-06 10:44:31.346 [event]-[info ] Main program exit.
2020-01-06 10:44:31.369 [root]-[info ] LuaEngine has been shut down.
